Using pre-set license
Built from '2020.3/staging' branch; Version is '2020.3.16f1 (049d6eca3c44) revision 302446'; Using compiler version '192528614'; Build Type 'Release'
OS: 'Windows 10 Home; OS build 19042.631; Version 2009; 64bit' Language: 'en' Physical Memory: 32681 MB
BatchMode: 1, IsHumanControllingUs: 0, StartBugReporterOnCrash: 0, Is64bit: 1, IsPro: 0

 COMMAND LINE ARGUMENTS:
C:\Program Files\Unity\Hub\Editor\2020.3.16f1\Editor\Unity.exe
-adb2
-batchMode
-noUpm
-name
AssetImportWorker0
-projectPath
C:/Users/jkrutz/Documents/capstone-2021/sprint1/jkrutz/Prototype 2
-logFile
Logs/AssetImportWorker0.log
-srvPort
54761
Successfully changed project path to: C:/Users/jkrutz/Documents/capstone-2021/sprint1/jkrutz/Prototype 2
C:/Users/jkrutz/Documents/capstone-2021/sprint1/jkrutz/Prototype 2
Using Asset Import Pipeline V2.
